<?xml version="1.0" encoding="UTF-8"?>
<!-- Generated by org.testng.reporters.JUnitXMLReporter -->
<testsuite ignored="0" hostname="LAPTOP-BIM2FR3V" failures="0" tests="6" name="Test" time="40.928" errors="0" timestamp="2025-08-21T07:38:30 IST">
  <testcase classname="testScenarios.SwitchingWindows" name="switchWin" time="7.701"/>
  <testcase classname="testScenarios.MouseHoverActions" name="dragAndDrop" time="4.397"/>
  <testcase classname="testScenarios.MouseHoverActions" name="datePicker" time="5.561"/>
  <testcase classname="testScenarios.FindAllLinks" name="fetchAndDispLinkUrlAndNames" time="3.527"/>
  <testcase classname="testScenarios.DynDataHandling" name="dynDataCap" time="2.793"/>
  <testcase classname="testScenarios.HandlingRadAndChkBoxes" name="setRadBtnAndChkBox" time="16.882"/>
</testsuite> <!-- Test -->
