<?xml version="1.0" encoding="UTF-8"?>
<!-- Generated by org.testng.reporters.JUnitXMLReporter -->
<testsuite ignored="0" hostname="LAPTOP-BIM2FR3V" failures="0" tests="3" name="Test" time="45.92" errors="0" timestamp="2024-07-27T03:59:12 IST">
  <testcase classname="Scenarios.handlingDynData" name="dynData" time="11.114"/>
  <testcase classname="Scenarios.SwitchingWin" name="switchWin" time="25.142"/>
  <testcase classname="Scenarios.MouseHover" name="dynData" time="9.578"/>
</testsuite> <!-- Test -->
