<?xml version="1.0" encoding="UTF-8"?>
<!-- Generated by org.testng.reporters.JUnitXMLReporter -->
<testsuite ignored="0" hostname="LAPTOP-BIM2FR3V" failures="0" tests="6" name="Test" time="45.398" errors="0" timestamp="2025-08-29T07:47:11 IST">
  <testcase classname="testScenarios.SwitchingWindows" name="switchWin" time="7.394"/>
  <testcase classname="testScenarios.MouseHoverActions" name="dragAndDrop" time="5.262"/>
  <testcase classname="testScenarios.MouseHoverActions" name="datePicker" time="6.96"/>
  <testcase classname="testScenarios.FindAllLinks" name="fetchAndDispLinkUrlAndNames" time="5.077"/>
  <testcase classname="testScenarios.DynDataHandling" name="dynDataCap" time="4.209"/>
  <testcase classname="testScenarios.HandlingRadAndChkBoxes" name="setRadBtnAndChkBox" time="16.423"/>
</testsuite> <!-- Test -->
