<?xml version="1.0" encoding="UTF-8"?>
<!-- Generated by org.testng.reporters.JUnitXMLReporter -->
<testsuite ignored="0" hostname="LAPTOP-BIM2FR3V" failures="0" tests="5" name="Test" time="44.035" errors="0" timestamp="2025-08-21T22:57:46 IST">
  <testcase classname="testScenarios.SwitchingWindows" name="switchWin" time="9.119"/>
  <testcase classname="testScenarios.MouseHoverActions" name="dragAndDrop" time="9.723"/>
  <testcase classname="testScenarios.MouseHoverActions" name="datePicker" time="7.591"/>
  <testcase classname="testScenarios.DynDataHandling" name="dynCalCaptcha" time="14.386"/>
  <testcase classname="testScenarios.CountLinks" name="VerifyLinkUrls" time="3.161"/>
</testsuite> <!-- Test -->
