<?xml version="1.0" encoding="UTF-8"?>
<testng-results ignored="0" total="5" passed="5" failed="0" skipped="0">
  <reporter-output>
  </reporter-output>
  <suite started-at="2025-08-21T22:57:02 IST" name="Suite" finished-at="2025-08-21T22:57:46 IST" duration-ms="44035">
    <groups>
    </groups>
    <test started-at="2025-08-21T22:57:02 IST" name="Test" finished-at="2025-08-21T22:57:46 IST" duration-ms="44035">
      <class name="testScenarios.SwitchingWindows">
        <test-method signature="switchWin()[pri:0, instance:testScenarios.SwitchingWindows@1ea9f6af]" started-at="2025-08-21T22:57:02 IST" name="switchWin" finished-at="2025-08-21T22:57:12 IST" duration-ms="9119" status="PASS">
          <reporter-output>
          </reporter-output>
        </test-method> <!-- switchWin -->
      </class> <!-- testScenarios.SwitchingWindows -->
      <class name="testScenarios.CountLinks">
        <test-method signature="VerifyLinkUrls()[pri:0, instance:testScenarios.CountLinks@56620197]" started-at="2025-08-21T22:57:43 IST" name="VerifyLinkUrls" finished-at="2025-08-21T22:57:46 IST" duration-ms="3161" status="PASS">
          <reporter-output>
          </reporter-output>
        </test-method> <!-- VerifyLinkUrls -->
      </class> <!-- testScenarios.CountLinks -->
      <class name="testScenarios.DynDataHandling">
        <test-method signature="dynCalCaptcha()[pri:0, instance:testScenarios.DynDataHandling@393671df]" started-at="2025-08-21T22:57:29 IST" name="dynCalCaptcha" finished-at="2025-08-21T22:57:43 IST" duration-ms="14386" status="PASS">
          <reporter-output>
          </reporter-output>
        </test-method> <!-- dynCalCaptcha -->
      </class> <!-- testScenarios.DynDataHandling -->
      <class name="testScenarios.MouseHoverActions">
        <test-method signature="dragAndDrop()[pri:1, instance:testScenarios.MouseHoverActions@20ce78ec]" started-at="2025-08-21T22:57:12 IST" name="dragAndDrop" finished-at="2025-08-21T22:57:21 IST" duration-ms="9723" status="PASS">
          <reporter-output>
          </reporter-output>
        </test-method> <!-- dragAndDrop -->
        <test-method signature="datePicker()[pri:2, instance:testScenarios.MouseHoverActions@20ce78ec]" started-at="2025-08-21T22:57:21 IST" name="datePicker" finished-at="2025-08-21T22:57:29 IST" duration-ms="7591" status="PASS">
          <reporter-output>
          </reporter-output>
        </test-method> <!-- datePicker -->
      </class> <!-- testScenarios.MouseHoverActions -->
    </test> <!-- Test -->
  </suite> <!-- Suite -->
</testng-results>
