<?xml version="1.0" encoding="UTF-8"?>
<testsuite xmlns:xsi="http://www.w3.org/2001/XMLSchema-instance" xsi:noNamespaceSchemaLocation="https://maven.apache.org/surefire/maven-surefire-plugin/xsd/surefire-test-report.xsd" version="3.0.1" name="TestSuite" time="44.602" tests="5" errors="0" skipped="0" failures="0">
  <properties>
[...]
</properties>
  <testcase name="switchWin" classname="testScenarios.SwitchingWindows" time="9.123">
    <system-out><![CDATA[total window id=2
Win1 session id=023CB694C9A966DB66654312F1312AA0
Win2 session id=A738294B8B5E02A92B954BF0E68E23DA
Window 1 title=W3Schools Tryit Editor
Window 2 title=W3Schools Online Web Tutorials
]]></system-out>
    <system-err><![CDATA[SLF4J(W): No SLF4J providers were found.
SLF4J(W): Defaulting to no-operation (NOP) logger implementation
SLF4J(W): See https://www.slf4j.org/codes.html#noProviders for further details.
Aug 21, 2025 10:57:03 PM org.openqa.selenium.manager.SeleniumManager lambda$runCommand$1
WARNING: There was an error managing msedgedriver (error sending request for url (https://msedgedriver.azureedge.net/LATEST_RELEASE_139_WINDOWS)); using driver found in the cache
Aug 21, 2025 10:57:06 PM org.openqa.selenium.devtools.CdpVersionFinder findNearestMatch
WARNING: Unable to find an exact match for CDP version 139, returning the closest version; found: 138; Please update to a Selenium version that supports CDP version 139
]]></system-err>
  </testcase>
  <testcase name="dragAndDrop" classname="testScenarios.MouseHoverActions" time="9.723">
    <system-err><![CDATA[Aug 21, 2025 10:57:12 PM org.openqa.selenium.manager.SeleniumManager lambda$runCommand$1
WARNING: There was an error managing msedgedriver (error sending request for url (https://msedgedriver.azureedge.net/LATEST_RELEASE_139_WINDOWS)); using driver found in the cache
Aug 21, 2025 10:57:13 PM org.openqa.selenium.devtools.CdpVersionFinder findNearestMatch
WARNING: Unable to find an exact match for CDP version 139, returning the closest version; found: 138; Please update to a Selenium version that supports CDP version 139
]]></system-err>
  </testcase>
  <testcase name="datePicker" classname="testScenarios.MouseHoverActions" time="7.591">
    <system-out><![CDATA[August	2025
September	2025
October	2025
November	2025
December	2025
January	2026
February	2026
March	2026
April	2026
May	2026
]]></system-out>
    <system-err><![CDATA[Aug 21, 2025 10:57:22 PM org.openqa.selenium.manager.SeleniumManager lambda$runCommand$1
WARNING: There was an error managing msedgedriver (error sending request for url (https://msedgedriver.azureedge.net/LATEST_RELEASE_139_WINDOWS)); using driver found in the cache
Aug 21, 2025 10:57:22 PM org.openqa.selenium.devtools.CdpVersionFinder findNearestMatch
WARNING: Unable to find an exact match for CDP version 139, returning the closest version; found: 138; Please update to a Selenium version that supports CDP version 139
]]></system-err>
  </testcase>
  <testcase name="dynCalCaptcha" classname="testScenarios.DynDataHandling" time="14.386">
    <system-out><![CDATA[What is 9 + 4
9	4
Result=13
Calculation is correct
What is 8 + 1
8	1
Result=9
Calculation is correct
What is 8 + 1
8	1
Result=9
Calculation is correct
]]></system-out>
    <system-err><![CDATA[Aug 21, 2025 10:57:29 PM org.openqa.selenium.manager.SeleniumManager lambda$runCommand$1
WARNING: There was an error managing msedgedriver (error sending request for url (https://msedgedriver.azureedge.net/LATEST_RELEASE_139_WINDOWS)); using driver found in the cache
Aug 21, 2025 10:57:30 PM org.openqa.selenium.devtools.CdpVersionFinder findNearestMatch
WARNING: Unable to find an exact match for CDP version 139, returning the closest version; found: 138; Please update to a Selenium version that supports CDP version 139
]]></system-err>
  </testcase>
  <testcase name="VerifyLinkUrls" classname="testScenarios.CountLinks" time="3.16">
    <system-out><![CDATA[total expected links=25
total number of links=25
https://about.google/?fg=1&utm_source=google-IN&utm_medium=referral&utm_campaign=hp-header
https://about.google/?fg=1&utm_source=google-IN&utm_medium=referral&utm_campaign=hp-header
Link Matched..
https://store.google.com/IN?utm_source=hp_header&utm_medium=google_ooo&utm_campaign=GS100042&hl=en-IN
https://store.google.com/IN?utm_source=hp_header&utm_medium=google_ooo&utm_campaign=GS100042&hl=en-IN
Link Matched..
https://mail.google.com/mail/&ogbl
https://mail.google.com/mail/&ogbl
Link Matched..
https://www.google.com/imghp?hl=en&ogbl
https://www.google.com/imghp?hl=en&ogbl
Link Matched..
https://www.google.co.in/intl/en/about/products
https://www.google.co.in/intl/en/about/products
Link Matched..
https://accounts.google.com/ServiceLogin?hl=en&passive=true&continue=https://www.google.com/&ec=futura_exp_og_so_72776762_e
https://accounts.google.com/ServiceLogin?hl=en&passive=true&continue=https://www.google.com/&ec=futura_exp_og_so_72776762_e
Link Matched..
https://www.google.com/setprefs?sig=0_hkIdLSO4bQonozPv4FHfdWAjbSs%3D&hl=hi&source=homepage&sa=X&ved=0ahUKEwiTjfrBtpyPAxWNoGMGHR_gDR0Q2ZgBCBg
https://www.google.com/setprefs?sig=0_2PaHfGv7NmVU9UbJD2AaRWhM0LY%3D&hl=hi&source=homepage&sa=X&ved=0ahUKEwjeyYGc95SPAxWXR2wGHdmDJKoQ2ZgBCBg
Link not Matched...
https://www.google.com/setprefs?sig=0_hkIdLSO4bQonozPv4FHfdWAjbSs%3D&hl=bn&source=homepage&sa=X&ved=0ahUKEwiTjfrBtpyPAxWNoGMGHR_gDR0Q2ZgBCBk
https://www.google.com/setprefs?sig=0_2PaHfGv7NmVU9UbJD2AaRWhM0LY%3D&hl=bn&source=homepage&sa=X&ved=0ahUKEwjeyYGc95SPAxWXR2wGHdmDJKoQ2ZgBCBk
Link not Matched...
https://www.google.com/setprefs?sig=0_hkIdLSO4bQonozPv4FHfdWAjbSs%3D&hl=te&source=homepage&sa=X&ved=0ahUKEwiTjfrBtpyPAxWNoGMGHR_gDR0Q2ZgBCBo
https://www.google.com/setprefs?sig=0_2PaHfGv7NmVU9UbJD2AaRWhM0LY%3D&hl=te&source=homepage&sa=X&ved=0ahUKEwjeyYGc95SPAxWXR2wGHdmDJKoQ2ZgBCBo
Link not Matched...
https://www.google.com/setprefs?sig=0_hkIdLSO4bQonozPv4FHfdWAjbSs%3D&hl=mr&source=homepage&sa=X&ved=0ahUKEwiTjfrBtpyPAxWNoGMGHR_gDR0Q2ZgBCBs
https://www.google.com/setprefs?sig=0_2PaHfGv7NmVU9UbJD2AaRWhM0LY%3D&hl=mr&source=homepage&sa=X&ved=0ahUKEwjeyYGc95SPAxWXR2wGHdmDJKoQ2ZgBCBs
Link not Matched...
https://www.google.com/setprefs?sig=0_hkIdLSO4bQonozPv4FHfdWAjbSs%3D&hl=ta&source=homepage&sa=X&ved=0ahUKEwiTjfrBtpyPAxWNoGMGHR_gDR0Q2ZgBCBw
https://www.google.com/setprefs?sig=0_2PaHfGv7NmVU9UbJD2AaRWhM0LY%3D&hl=ta&source=homepage&sa=X&ved=0ahUKEwjeyYGc95SPAxWXR2wGHdmDJKoQ2ZgBCBw
Link not Matched...
https://www.google.com/setprefs?sig=0_hkIdLSO4bQonozPv4FHfdWAjbSs%3D&hl=gu&source=homepage&sa=X&ved=0ahUKEwiTjfrBtpyPAxWNoGMGHR_gDR0Q2ZgBCB0
https://www.google.com/setprefs?sig=0_2PaHfGv7NmVU9UbJD2AaRWhM0LY%3D&hl=gu&source=homepage&sa=X&ved=0ahUKEwjeyYGc95SPAxWXR2wGHdmDJKoQ2ZgBCB0
Link not Matched...
https://www.google.com/setprefs?sig=0_hkIdLSO4bQonozPv4FHfdWAjbSs%3D&hl=kn&source=homepage&sa=X&ved=0ahUKEwiTjfrBtpyPAxWNoGMGHR_gDR0Q2ZgBCB4
https://www.google.com/setprefs?sig=0_2PaHfGv7NmVU9UbJD2AaRWhM0LY%3D&hl=kn&source=homepage&sa=X&ved=0ahUKEwjeyYGc95SPAxWXR2wGHdmDJKoQ2ZgBCB4
Link not Matched...
https://www.google.com/setprefs?sig=0_hkIdLSO4bQonozPv4FHfdWAjbSs%3D&hl=ml&source=homepage&sa=X&ved=0ahUKEwiTjfrBtpyPAxWNoGMGHR_gDR0Q2ZgBCB8
https://www.google.com/setprefs?sig=0_2PaHfGv7NmVU9UbJD2AaRWhM0LY%3D&hl=ml&source=homepage&sa=X&ved=0ahUKEwjeyYGc95SPAxWXR2wGHdmDJKoQ2ZgBCB8
Link not Matched...
https://www.google.com/setprefs?sig=0_hkIdLSO4bQonozPv4FHfdWAjbSs%3D&hl=pa&source=homepage&sa=X&ved=0ahUKEwiTjfrBtpyPAxWNoGMGHR_gDR0Q2ZgBCCA
https://www.google.com/setprefs?sig=0_2PaHfGv7NmVU9UbJD2AaRWhM0LY%3D&hl=pa&source=homepage&sa=X&ved=0ahUKEwjeyYGc95SPAxWXR2wGHdmDJKoQ2ZgBCCA
Link not Matched...
https://www.google.com/intl/en_in/ads/?subid=ww-ww-et-g-awa-a-g_hpafoot1_1!o2&utm_source=google.com&utm_medium=referral&utm_campaign=google_hpafooter&fg=1
https://www.google.com/intl/en_in/ads/?subid=ww-ww-et-g-awa-a-g_hpafoot1_1!o2&utm_source=google.com&utm_medium=referral&utm_campaign=google_hpafooter&fg=1
Link Matched..
https://www.google.com/services/?subid=ww-ww-et-g-awa-a-g_hpbfoot1_1!o2&utm_source=google.com&utm_medium=referral&utm_campaign=google_hpbfooter&fg=1
https://www.google.com/services/?subid=ww-ww-et-g-awa-a-g_hpbfoot1_1!o2&utm_source=google.com&utm_medium=referral&utm_campaign=google_hpbfooter&fg=1
Link Matched..
https://google.com/search/howsearchworks/?fg=1
https://google.com/search/howsearchworks/?fg=1
Link Matched..
https://policies.google.com/privacy?hl=en-IN&fg=1
https://policies.google.com/privacy?hl=en-IN&fg=1
Link Matched..
https://policies.google.com/terms?hl=en-IN&fg=1
https://policies.google.com/terms?hl=en-IN&fg=1
Link Matched..
https://www.google.com/preferences?hl=en-IN&fg=1
https://www.google.com/preferences?hl=en-IN&fg=1
Link Matched..
https://www.google.com/advanced_search?hl=en-IN&fg=1
https://www.google.com/advanced_search?hl=en-IN&fg=1
Link Matched..
https://www.google.com/history/privacyadvisor/search/unauth?utm_source=googlemenu&fg=1&cctld=com
https://www.google.com/history/privacyadvisor/search/unauth?utm_source=googlemenu&fg=1&cctld=com
Link Matched..
https://www.google.com/history/optout?hl=en-IN&fg=1
https://www.google.com/history/optout?hl=en-IN&fg=1
Link Matched..
https://support.google.com/websearch/?p=ws_results_help&hl=en-IN&fg=1
https://support.google.com/websearch/?p=ws_results_help&hl=en-IN&fg=1
Link Matched..
]]></system-out>
    <system-err><![CDATA[Aug 21, 2025 10:57:44 PM org.openqa.selenium.manager.SeleniumManager lambda$runCommand$1
WARNING: There was an error managing msedgedriver (error sending request for url (https://msedgedriver.azureedge.net/LATEST_RELEASE_139_WINDOWS)); using driver found in the cache
Aug 21, 2025 10:57:44 PM org.openqa.selenium.devtools.CdpVersionFinder findNearestMatch
WARNING: Unable to find an exact match for CDP version 139, returning the closest version; found: 138; Please update to a Selenium version that supports CDP version 139
]]></system-err>
  </testcase>
</testsuite>