<?xml version="1.0" encoding="UTF-8"?>
<testsuite xmlns:xsi="http://www.w3.org/2001/XMLSchema-instance" xsi:noNamespaceSchemaLocation="https://maven.apache.org/surefire/maven-surefire-plugin/xsd/surefire-test-report.xsd" version="3.0.1" name="TestSuite" time="45.93" tests="6" errors="0" skipped="0" failures="0">
  <properties>
[...]
</properties>
  <testcase name="switchWin" classname="testScenarios.SwitchingWindows" time="7.4">
    <system-out><![CDATA[Total Windows=2
2B45E5EAAFAE0C6DA80309C7E29FA146
33588D0270827C3E0363FC53528CABF5
Window1--W3Schools Tryit Editor
Window2--W3Schools Online Web Tutorials
true
]]></system-out>
    <system-err><![CDATA[SLF4J(W): No SLF4J providers were found.
SLF4J(W): Defaulting to no-operation (NOP) logger implementation
SLF4J(W): See https://www.slf4j.org/codes.html#noProviders for further details.
Aug 29, 2025 7:46:26 AM org.openqa.selenium.manager.SeleniumManager lambda$runCommand$1
WARNING: There was an error managing msedgedriver (error sending request for url (https://msedgedriver.azureedge.net/LATEST_RELEASE_139_WINDOWS)); using driver found in the cache
Aug 29, 2025 7:46:27 AM org.openqa.selenium.devtools.CdpVersionFinder findNearestMatch
WARNING: Unable to find an exact match for CDP version 139, returning the closest version; found: 138; Please update to a Selenium version that supports CDP version 139
]]></system-err>
  </testcase>
  <testcase name="dragAndDrop" classname="testScenarios.MouseHoverActions" time="5.264">
    <system-err><![CDATA[Aug 29, 2025 7:46:33 AM org.openqa.selenium.manager.SeleniumManager lambda$runCommand$1
WARNING: There was an error managing msedgedriver (error sending request for url (https://msedgedriver.azureedge.net/LATEST_RELEASE_139_WINDOWS)); using driver found in the cache
Aug 29, 2025 7:46:34 AM org.openqa.selenium.devtools.CdpVersionFinder findNearestMatch
WARNING: Unable to find an exact match for CDP version 139, returning the closest version; found: 138; Please update to a Selenium version that supports CDP version 139
]]></system-err>
  </testcase>
  <testcase name="datePicker" classname="testScenarios.MouseHoverActions" time="6.96">
    <system-out><![CDATA[Actual Date--August	2025
Actual Date--September	2025
Actual Date--October	2025
Actual Date--November	2025
Actual Date--December	2025
Actual Date--January	2026
Actual Date--February	2026
Actual Date--March	2026
Actual Date--April	2026
Actual Date--May	2026
Actual Date--June	2026
Actual Date--July	2026
Actual Date--August	2026
]]></system-out>
    <system-err><![CDATA[Aug 29, 2025 7:46:39 AM org.openqa.selenium.manager.SeleniumManager lambda$runCommand$1
WARNING: There was an error managing msedgedriver (error sending request for url (https://msedgedriver.azureedge.net/LATEST_RELEASE_139_WINDOWS)); using driver found in the cache
Aug 29, 2025 7:46:39 AM org.openqa.selenium.devtools.CdpVersionFinder findNearestMatch
WARNING: Unable to find an exact match for CDP version 139, returning the closest version; found: 138; Please update to a Selenium version that supports CDP version 139
]]></system-err>
  </testcase>
  <testcase name="fetchAndDispLinkUrlAndNames" classname="testScenarios.FindAllLinks" time="5.078">
    <system-out><![CDATA[total links=43
https://www.facebook.com/#
https://www.facebook.com/#
=======================================
Link Matched...
https://www.facebook.com/recover/initiate/?privacy_mutation_token=eyJ0eXBlIjowLCJjcmVhdGlvbl90aW1lIjoxNzU1MzEwMTE3LCJjYWxsc2l0ZV9pZCI6MzgxMjI5MDc5NTc1OTQ2fQ%3D%3D&ars=facebook_login&next
https://www.facebook.com/recover/initiate/?privacy_mutation_token=eyJ0eXBlIjowLCJjcmVhdGlvbl90aW1lIjoxNzU2NDMzODA4LCJjYWxsc2l0ZV9pZCI6MzgxMjI5MDc5NTc1OTQ2fQ%3D%3D&ars=facebook_login&next
=======================================
Link not Matched..
https://www.facebook.com/r.php?entry_point=login
https://www.facebook.com/r.php?entry_point=login
=======================================
Link Matched...
https://www.facebook.com/pages/create/?ref_type=registration_form
https://www.facebook.com/pages/create/?ref_type=registration_form
=======================================
Link Matched...
https://www.facebook.com/
https://www.facebook.com/
=======================================
Link Matched...
https://hi-in.facebook.com/
https://hi-in.facebook.com/
=======================================
Link Matched...
https://ur-pk.facebook.com/
https://ur-pk.facebook.com/
=======================================
Link Matched...
https://ta-in.facebook.com/
https://ta-in.facebook.com/
=======================================
Link Matched...
https://bn-in.facebook.com/
https://bn-in.facebook.com/
=======================================
Link Matched...
https://mr-in.facebook.com/
https://mr-in.facebook.com/
=======================================
Link Matched...
https://te-in.facebook.com/
https://te-in.facebook.com/
=======================================
Link Matched...
https://gu-in.facebook.com/
https://gu-in.facebook.com/
=======================================
Link Matched...
https://kn-in.facebook.com/
https://kn-in.facebook.com/
=======================================
Link Matched...
https://ml-in.facebook.com/
https://ml-in.facebook.com/
=======================================
Link Matched...
https://www.facebook.com/#
https://www.facebook.com/#
=======================================
Link Matched...
https://www.facebook.com/reg/
https://www.facebook.com/reg/
=======================================
Link Matched...
https://www.facebook.com/login/
https://www.facebook.com/login/
=======================================
Link Matched...
https://messenger.com/
https://messenger.com/
=======================================
Link Matched...
https://www.facebook.com/lite/
https://www.facebook.com/lite/
=======================================
Link Matched...
https://www.facebook.com/watch/
https://www.facebook.com/watch/
=======================================
Link Matched...
https://about.meta.com/technologies/meta-pay
https://about.meta.com/technologies/meta-pay
=======================================
Link Matched...
https://www.meta.com/
https://www.meta.com/
=======================================
Link Matched...
https://www.meta.com/quest/
https://www.meta.com/quest/
=======================================
Link Matched...
https://www.meta.com/smart-glasses/
https://www.meta.com/smart-glasses/
=======================================
Link Matched...
https://www.meta.ai/
https://www.meta.ai/
=======================================
Link Matched...
https://www.meta.ai/pages/what-is-labubu/?utm_source=foa_web_footer
https://www.meta.ai/pages/what-is-labubu/?utm_source=foa_web_footer
=======================================
Link Matched...
https://l.facebook.com/l.php?u=https%3A%2F%2Fwww.instagram.com%2F&h=AT3gEeuWZ13VIhi9R-3Er3v2KxNXbEGM_IHaC31p71OqDcDeADy3UAsS_SeSr-XyK-Od5RnmOLVJznvv_QtxS3gw2oaJDpuoGh3uBfxHtSSACJE2u442jiU3wi61z2FEQJhIvqpJZwHIHbJvrVhgWD0tLgERx6XDpLzdfQ
https://l.facebook.com/l.php?u=https%3A%2F%2Fwww.instagram.com%2F&h=AT1tMnA1_xK_C7dSYVAQNDAbgXLGlElcKnpXlLMzvnDuNpxPExwv5-UcY4cFuYZ8Xil4lJ2rHBaRe9Dp7cru_GOQx7lEYwcCVW8mgv1ENDk5rkTv3tn7bXZtrhksdfBHQzG6kbdQFlBpX4FR0JirMlpyDqwQIpiyewREfQ
=======================================
Link not Matched..
https://www.threads.com/
https://www.threads.com/
=======================================
Link Matched...
https://www.facebook.com/votinginformationcenter/?entry_point=c2l0ZQ%3D%3D
https://www.facebook.com/votinginformationcenter/?entry_point=c2l0ZQ%3D%3D
=======================================
Link Matched...
https://www.facebook.com/privacy/policy/?entry_point=facebook_page_footer
https://www.facebook.com/privacy/policy/?entry_point=facebook_page_footer
=======================================
Link Matched...
https://www.facebook.com/privacy/center/?entry_point=facebook_page_footer
https://www.facebook.com/privacy/center/?entry_point=facebook_page_footer
=======================================
Link Matched...
https://about.meta.com/
https://about.meta.com/
=======================================
Link Matched...
https://www.facebook.com/ad_campaign/landing.php?placement=pflo&campaign_id=402047449186&nav_source=unknown&extra_1=auto
https://www.facebook.com/ad_campaign/landing.php?placement=pflo&campaign_id=402047449186&nav_source=unknown&extra_1=auto
=======================================
Link Matched...
https://www.facebook.com/pages/create/?ref_type=site_footer
https://www.facebook.com/pages/create/?ref_type=site_footer
=======================================
Link Matched...
https://developers.facebook.com/?ref=pf
https://developers.facebook.com/?ref=pf
=======================================
Link Matched...
https://www.facebook.com/careers/?ref=pf
https://www.facebook.com/careers/?ref=pf
=======================================
Link Matched...
https://www.facebook.com/policies/cookies/
https://www.facebook.com/policies/cookies/
=======================================
Link Matched...
https://www.facebook.com/help/568137493302217
https://www.facebook.com/help/568137493302217
=======================================
Link Matched...
https://www.facebook.com/policies?ref=pf
https://www.facebook.com/policies?ref=pf
=======================================
Link Matched...
https://www.facebook.com/help/?ref=pf
https://www.facebook.com/help/?ref=pf
=======================================
Link Matched...
https://www.facebook.com/help/637205020878504
https://www.facebook.com/help/637205020878504
=======================================
Link Matched...
https://www.facebook.com/settings
https://www.facebook.com/settings
=======================================
Link Matched...
https://www.facebook.com/allactivity?privacy_source=activity_log_top_menu
https://www.facebook.com/allactivity?privacy_source=activity_log_top_menu
=======================================
Link Matched...
]]></system-out>
    <system-err><![CDATA[Aug 29, 2025 7:46:46 AM org.openqa.selenium.manager.SeleniumManager lambda$runCommand$1
WARNING: There was an error managing msedgedriver (error sending request for url (https://msedgedriver.azureedge.net/LATEST_RELEASE_139_WINDOWS)); using driver found in the cache
Aug 29, 2025 7:46:47 AM org.openqa.selenium.devtools.CdpVersionFinder findNearestMatch
WARNING: Unable to find an exact match for CDP version 139, returning the closest version; found: 138; Please update to a Selenium version that supports CDP version 139
]]></system-err>
  </testcase>
  <testcase name="dynDataCap" classname="testScenarios.DynDataHandling" time="4.209">
    <system-out><![CDATA[What is 9 + 2
9	2
11
]]></system-out>
    <system-err><![CDATA[Aug 29, 2025 7:46:51 AM org.openqa.selenium.manager.SeleniumManager lambda$runCommand$1
WARNING: There was an error managing msedgedriver (error sending request for url (https://msedgedriver.azureedge.net/LATEST_RELEASE_139_WINDOWS)); using driver found in the cache
Aug 29, 2025 7:46:52 AM org.openqa.selenium.devtools.CdpVersionFinder findNearestMatch
WARNING: Unable to find an exact match for CDP version 139, returning the closest version; found: 138; Please update to a Selenium version that supports CDP version 139
]]></system-err>
  </testcase>
  <testcase name="setRadBtnAndChkBox" classname="testScenarios.HandlingRadAndChkBoxes" time="16.424">
    <system-out><![CDATA[Radio button is selected..
BMW and Benj checkboxes are selected...
]]></system-out>
    <system-err><![CDATA[Aug 29, 2025 7:46:55 AM org.openqa.selenium.manager.SeleniumManager lambda$runCommand$1
WARNING: There was an error managing msedgedriver (error sending request for url (https://msedgedriver.azureedge.net/LATEST_RELEASE_139_WINDOWS)); using driver found in the cache
Aug 29, 2025 7:46:56 AM org.openqa.selenium.devtools.CdpVersionFinder findNearestMatch
WARNING: Unable to find an exact match for CDP version 139, returning the closest version; found: 138; Please update to a Selenium version that supports CDP version 139
]]></system-err>
  </testcase>
</testsuite>