<?xml version="1.0" encoding="UTF-8"?>
<testng-results ignored="0" total="5" passed="5" failed="0" skipped="0">
  <reporter-output>
  </reporter-output>
  <suite started-at="2025-08-19T22:58:36 IST" name="Suite" finished-at="2025-08-19T22:59:11 IST" duration-ms="35571">
    <groups>
    </groups>
    <test started-at="2025-08-19T22:58:36 IST" name="Test" finished-at="2025-08-19T22:59:11 IST" duration-ms="35571">
      <class name="testScenarios.SwitchingWindows">
        <test-method signature="switchWin()[pri:0, instance:testScenarios.SwitchingWindows@7c7b252e]" started-at="2025-08-19T22:58:36 IST" name="switchWin" finished-at="2025-08-19T22:58:41 IST" duration-ms="5259" status="PASS">
          <reporter-output>
          </reporter-output>
        </test-method> <!-- switchWin -->
      </class> <!-- testScenarios.SwitchingWindows -->
      <class name="testScenarios.CountLinks">
        <test-method signature="VerifyLinkUrls()[pri:0, instance:testScenarios.CountLinks@55141def]" started-at="2025-08-19T22:59:09 IST" name="VerifyLinkUrls" finished-at="2025-08-19T22:59:11 IST" duration-ms="2571" status="PASS">
          <reporter-output>
          </reporter-output>
        </test-method> <!-- VerifyLinkUrls -->
      </class> <!-- testScenarios.CountLinks -->
      <class name="testScenarios.DynDataHandling">
        <test-method signature="dynCalCaptcha()[pri:0, instance:testScenarios.DynDataHandling@47eaca72]" started-at="2025-08-19T22:58:55 IST" name="dynCalCaptcha" finished-at="2025-08-19T22:59:09 IST" duration-ms="14012" status="PASS">
          <reporter-output>
          </reporter-output>
        </test-method> <!-- dynCalCaptcha -->
      </class> <!-- testScenarios.DynDataHandling -->
      <class name="testScenarios.MouseHoverActions">
        <test-method signature="dragAndDrop()[pri:1, instance:testScenarios.MouseHoverActions@1aafa419]" started-at="2025-08-19T22:58:41 IST" name="dragAndDrop" finished-at="2025-08-19T22:58:49 IST" duration-ms="8226" status="PASS">
          <reporter-output>
          </reporter-output>
        </test-method> <!-- dragAndDrop -->
        <test-method signature="datePicker()[pri:2, instance:testScenarios.MouseHoverActions@1aafa419]" started-at="2025-08-19T22:58:49 IST" name="datePicker" finished-at="2025-08-19T22:58:55 IST" duration-ms="5453" status="PASS">
          <reporter-output>
          </reporter-output>
        </test-method> <!-- datePicker -->
      </class> <!-- testScenarios.MouseHoverActions -->
    </test> <!-- Test -->
  </suite> <!-- Suite -->
</testng-results>
