<?xml version="1.0" encoding="UTF-8"?>
<!-- Generated by org.testng.reporters.JUnitReportReporter -->
<testsuite hostname="LAPTOP-BIM2FR3V" failures="0" tests="2" name="testScenarios.MouseHoverActions" time="12.222" errors="0" timestamp="2025-08-29T07:47:11 IST" skipped="0">
  <testcase classname="testScenarios.MouseHoverActions" name="dragAndDrop" time="5.262"/>
  <testcase classname="testScenarios.MouseHoverActions" name="datePicker" time="6.960"/>
</testsuite> <!-- testScenarios.MouseHoverActions -->
